~@[Array]
[ 100 100 100 100 ]
[ 25.0 31.25 32.8125 41.4062 ]
[ 6.25 9.375 10.5469 15.625 ]
[ 0 0 0 0 ]

~@[Old values]
[ 0 0 0 0 ]
[ 0 0 0 0 ]

~@[Errors]
[ 1.0 1.0 1.0 1.0 ]
[ 1.0 1.0 1.0 1.0 ]

~@[Error]
1.0

~@[Array]
[ 100 100 100 100 ]
[ 42.1875 46.0938 49.5117 53.6621 ]
[ 15.2344 17.9688 20.7764 23.8037 ]
[ 0 0 0 0 ]

~@[Old values]
[ 25.0 31.25 32.8125 41.4062 ]
[ 6.25 9.375 10.5469 15.625 ]

~@[Errors]
[ 0.4074 0.322 0.3373 0.2284 ]
[ 0.5897 0.4783 0.4924 0.3436 ]

~@[Error]
0.5897

~@[Array]
[ 100 100 100 100 ]
[ 51.8555 54.834 57.3181 59.61 ]
[ 21.9483 24.3897 26.3779 28.0915 ]
[ 0 0 0 0 ]

~@[Old values]
[ 42.1875 46.0938 49.5117 53.6621 ]
[ 15.2344 17.9688 20.7764 23.8037 ]

~@[Errors]
[ 0.1864 0.1594 0.1362 0.0998 ]
[ 0.3059 0.2633 0.2124 0.1526 ]

~@[Error]
0.3059

~@[Array]
[ 100 100 100 100 ]
[ 57.9041 59.903 61.4727 62.7592 ]
[ 26.6709 28.2379 29.4505 30.4151 ]
[ 0 0 0 0 ]

~@[Old values]
[ 51.8555 54.834 57.3181 59.61 ]
[ 21.9483 24.3897 26.3779 28.0915 ]

~@[Errors]
[ 0.1045 0.0846 0.0676 0.0502 ]
[ 0.1771 0.1363 0.1043 0.0764 ]

~@[Error]
0.1771

~@[Array]
[ 100 100 100 100 ]
[ 61.6192 62.8325 63.7606 64.4841 ]
[ 29.5237 30.4517 31.1568 31.6994 ]
[ 0 0 0 0 ]

~@[Old values]
[ 57.9041 59.903 61.4727 62.7592 ]
[ 26.6709 28.2379 29.4505 30.4151 ]

~@[Errors]
[ 0.0603 0.0466 0.0359 0.0267 ]
[ 0.0966 0.0727 0.0548 0.0405 ]

~@[Error]
0.0966

~@[Array]
[ 100 100 100 100 ]
[ 63.7972 64.5024 65.0358 65.4427 ]
[ 31.1751 31.7086 32.111 32.4162 ]
[ 0 0 0 0 ]

~@[Old values]
[ 61.6192 62.8325 63.7606 64.4841 ]
[ 29.5237 30.4517 31.1568 31.6994 ]

~@[Errors]
[ 0.0341 0.0259 0.0196 0.0146 ]
[ 0.053 0.0396 0.0297 0.0221 ]

~@[Error]
0.053

~@[Array]
[ 100 100 100 100 ]
[ 65.045 65.4474 65.7503 65.9792 ]
[ 32.1155 32.4185 32.6462 32.8179 ]
[ 0 0 0 0 ]

~@[Old values]
[ 63.7972 64.5024 65.0358 65.4427 ]
[ 31.1751 31.7086 32.111 32.4162 ]

~@[Errors]
[ 0.0192 0.0144 0.0109 0.0081 ]
[ 0.0293 0.0219 0.0164 0.0122 ]

~@[Error]
0.0293

~@[Array]
[ 100 100 100 100 ]
[ 65.7526 65.9804 66.1515 66.2802 ]
[ 32.6474 32.8185 32.947 33.0435 ]
[ 0 0 0 0 ]

~@[Old values]
[ 65.045 65.4474 65.7503 65.9792 ]
[ 32.1155 32.4185 32.6462 32.8179 ]

~@[Errors]
[ 0.0108 0.0081 0.0061 0.0045 ]
[ 0.0163 0.0122 0.0091 0.0068 ]

~@[Error]
0.0163

~@[Array]
[ 100 100 100 100 ]
[ 66.1521 66.2805 66.3769 66.4493 ]
[ 32.9473 33.0437 33.116 33.1703 ]
[ 0 0 0 0 ]

~@[Old values]
[ 65.7526 65.9804 66.1515 66.2802 ]
[ 32.6474 32.8185 32.947 33.0435 ]

~@[Errors]
[ 0.006 0.0045 0.0034 0.0025 ]
[ 0.0091 0.0068 0.0051 0.0038 ]

~@[Error]
0.0091

~@[Array]
[ 100 100 100 100 ]
[ 66.3771 66.4494 66.5037 66.5444 ]
[ 33.1161 33.1704 33.2111 33.2416 ]
[ 0 0 0 0 ]

~@[Old values]
[ 66.1521 66.2805 66.3769 66.4493 ]
[ 32.9473 33.0437 33.116 33.1703 ]

~@[Errors]
[ 0.0034 0.0025 0.0019 0.0014 ]
[ 0.0051 0.0038 0.0029 0.0021 ]

~@[Error]
0.0051

~@[Array]
[ 100 100 100 100 ]
[ 66.5037 66.5444 66.575 66.5979 ]
[ 33.2111 33.2416 33.2645 33.2817 ]
[ 0 0 0 0 ]

~@[Old values]
[ 66.3771 66.4494 66.5037 66.5444 ]
[ 33.1161 33.1704 33.2111 33.2416 ]

~@[Errors]
[ 0.0019 0.0014 0.0011 0.0008 ]
[ 0.0029 0.0021 0.0016 0.0012 ]

~@[Error]
0.0029

~@[Array]
[ 100 100 100 100 ]
[ 66.575 66.5979 66.6151 66.628 ]
[ 33.2645 33.2817 33.2946 33.3043 ]
[ 0 0 0 0 ]

~@[Old values]
[ 66.5037 66.5444 66.575 66.5979 ]
[ 33.2111 33.2416 33.2645 33.2817 ]

~@[Errors]
[ 0.0011 0.0008 0.0006 0.0005 ]
[ 0.0016 0.0012 0.0009 0.0007 ]

~@[Error]
0.0016

~@[Array]
[ 100 100 100 100 ]
[ 66.6151 66.628 66.6377 66.6449 ]
[ 33.2946 33.3043 33.3116 33.317 ]
[ 0 0 0 0 ]

~@[Old values]
[ 66.575 66.5979 66.6151 66.628 ]
[ 33.2645 33.2817 33.2946 33.3043 ]

~@[Errors]
[ 0.0006 0.0005 0.0003 0.0003 ]
[ 0.0009 0.0007 0.0005 0.0004 ]

~@[Error]
0.0009

~@[Array]
[ 100 100 100 100 ]
[ 66.6377 66.6449 66.6504 66.6544 ]
[ 33.3116 33.317 33.3211 33.3242 ]
[ 0 0 0 0 ]

~@[Old values]
[ 66.6151 66.628 66.6377 66.6449 ]
[ 33.2946 33.3043 33.3116 33.317 ]

~@[Errors]
[ 0.0003 0.0003 0.0002 0.0001 ]
[ 0.0005 0.0004 0.0003 0.0002 ]

~@[Error]
0.0005

~@[Array]
[ 100 100 100 100 ]
[ 66.6504 66.6544 66.6575 66.6598 ]
[ 33.3211 33.3242 33.3265 33.3282 ]
[ 0 0 0 0 ]

~@[Old values]
[ 66.6377 66.6449 66.6504 66.6544 ]
[ 33.3116 33.317 33.3211 33.3242 ]

~@[Errors]
[ 0.0002 0.0001 0.0001 0.0001 ]
[ 0.0003 0.0002 0.0002 0.0001 ]

~@[Error]
0.0003

~@[Array]
[ 100 100 100 100 ]
[ 66.6575 66.6598 66.6615 66.6628 ]
[ 33.3265 33.3282 33.3295 33.3304 ]
[ 0 0 0 0 ]

~@[Old values]
[ 66.6504 66.6544 66.6575 66.6598 ]
[ 33.3211 33.3242 33.3265 33.3282 ]

~@[Errors]
[ 0.0001 0.0001 0.0001 0.0 ]
[ 0.0002 0.0001 0.0001 0.0001 ]

~@[Error]
0.0002

~@[Array]
[ 100 100 100 100 ]
[ 66.6615 66.6628 66.6638 66.6645 ]
[ 33.3295 33.3304 33.3311 33.3317 ]
[ 0 0 0 0 ]

~@[Old values]
[ 66.6575 66.6598 66.6615 66.6628 ]
[ 33.3265 33.3282 33.3295 33.3304 ]

~@[Errors]
[ 0.0001 0.0 0.0 0.0 ]
[ 0.0001 0.0001 0.0 0.0 ]

~@[Error]
0.0001

