~@[Array]
[ 1 1 2 3 ]
[ 1 0.5 1.625 4 ]
[ 2 1.625 3.3125 5 ]
[ 3 4 5 5 ]

~@[Old values]
[ 0 0 ]
[ 0 0 ]

~@[Errors]
[ 1.0 1.0 ]
[ 1.0 1.0 ]

~@[Error]
1.0

~@[Array]
[ 1 1 2 3 ]
[ 1 1.3125 2.6562 4 ]
[ 2 2.6562 3.8281 5 ]
[ 3 4 5 5 ]

~@[Old values]
[ 0.5 1.625 ]
[ 1.625 3.3125 ]

~@[Errors]
[ 0.619 0.3882 ]
[ 0.3882 0.1347 ]

~@[Error]
0.619

~@[Array]
[ 1 1 2 3 ]
[ 1 1.8281 2.9141 4 ]
[ 2 2.9141 3.957 5 ]
[ 3 4 5 5 ]

~@[Old values]
[ 1.3125 2.6562 ]
[ 2.6562 3.8281 ]

~@[Errors]
[ 0.282 0.0885 ]
[ 0.0885 0.0326 ]

~@[Error]
0.282

~@[Array]
[ 1 1 2 3 ]
[ 1 1.957 2.9785 4 ]
[ 2 2.9785 3.9893 5 ]
[ 3 4 5 5 ]

~@[Old values]
[ 1.8281 2.9141 ]
[ 2.9141 3.957 ]

~@[Errors]
[ 0.0659 0.0216 ]
[ 0.0216 0.0081 ]

~@[Error]
0.0659

~@[Array]
[ 1 1 2 3 ]
[ 1 1.9893 2.9947 4 ]
[ 2 2.9947 3.9973 5 ]
[ 3 4 5 5 ]

~@[Old values]
[ 1.957 2.9785 ]
[ 2.9785 3.9893 ]

~@[Errors]
[ 0.0162 0.0054 ]
[ 0.0054 0.002 ]

~@[Error]
0.0162

~@[Array]
[ 1 1 2 3 ]
[ 1 1.9973 2.9987 4 ]
[ 2 2.9987 3.9993 5 ]
[ 3 4 5 5 ]

~@[Old values]
[ 1.9893 2.9947 ]
[ 2.9947 3.9973 ]

~@[Errors]
[ 0.004 0.0013 ]
[ 0.0013 0.0005 ]

~@[Error]
0.004

~@[Array]
[ 1 1 2 3 ]
[ 1 1.9993 2.9996 4 ]
[ 2 2.9996 3.9998 5 ]
[ 3 4 5 5 ]

~@[Old values]
[ 1.9973 2.9987 ]
[ 2.9987 3.9993 ]

~@[Errors]
[ 0.001 0.0003 ]
[ 0.0003 0.0001 ]

~@[Error]
0.001

~@[Array]
[ 1 1 2 3 ]
[ 1 1.9998 2.9999 4 ]
[ 2 2.9999 4.0 5 ]
[ 3 4 5 5 ]

~@[Old values]
[ 1.9993 2.9996 ]
[ 2.9996 3.9998 ]

~@[Errors]
[ 0.0003 0.0001 ]
[ 0.0001 0.0 ]

~@[Error]
0.0003

~@[Array]
[ 1 1 2 3 ]
[ 1 2.0 3.0 4 ]
[ 2 3.0 4.0 5 ]
[ 3 4 5 5 ]

~@[Old values]
[ 1.9998 2.9999 ]
[ 2.9999 4.0 ]

~@[Errors]
[ 0.0001 0.0 ]
[ 0.0 0.0 ]

~@[Error]
0.0001

