~@[Array]
[ 87.5 100 100 100 75.0 ]
[ 75 43.75 35.94 46.48 50 ]
[ 75 29.69 16.41 28.22 50 ]
[ 75 26.17 10.64 22.21 50 ]
[ 37.5 0 0 0 25.0 ]

~@[Old values]
[ 0 0 0 ]
[ 0 0 0 ]
[ 0 0 0 ]

~@[Errors]
[ 1.0 1.0 1.0 ]
[ 1.0 1.0 1.0 ]
[ 1.0 1.0 1.0 ]

~@[Error]
1.0

~@[Array]
[ 87.5 100 100 100 75.0 ]
[ 75 60.16 55.76 58.49 50 ]
[ 75 44.43 34.76 41.37 50 ]
[ 75 32.52 22.37 28.43 50 ]
[ 37.5 0 0 0 25.0 ]

~@[Old values]
[ 43.75 35.94 46.48 ]
[ 29.69 16.41 28.22 ]
[ 26.17 10.64 22.21 ]

~@[Errors]
[ 0.2728 0.3555 0.2053 ]
[ 0.3318 0.5279 0.3179 ]
[ 0.1953 0.5244 0.2188 ]

~@[Error]
0.5279

~@[Array]
[ 87.5 100 100 100 75.0 ]
[ 75 68.8 65.51 64.22 50 ]
[ 75 52.77 45.51 47.04 50 ]
[ 75 37.54 27.87 31.23 50 ]
[ 37.5 0 0 0 25.0 ]

~@[Old values]
[ 60.16 55.76 58.49 ]
[ 44.43 34.76 41.37 ]
[ 32.52 22.37 28.43 ]

~@[Errors]
[ 0.1256 0.1488 0.0892 ]
[ 0.158 0.2362 0.1205 ]
[ 0.1337 0.1973 0.0897 ]

~@[Error]
0.2362

~@[Array]
[ 87.5 100 100 100 75.0 ]
[ 75 73.32 70.76 66.95 50 ]
[ 75 57.84 50.88 49.77 50 ]
[ 75 40.18 30.57 32.59 50 ]
[ 37.5 0 0 0 25.0 ]

~@[Old values]
[ 68.8 65.51 64.22 ]
[ 52.77 45.51 47.04 ]
[ 37.54 27.87 31.23 ]

~@[Errors]
[ 0.0616 0.0742 0.0408 ]
[ 0.0877 0.1055 0.0549 ]
[ 0.0657 0.0883 0.0417 ]

~@[Error]
0.1055

~@[Array]
[ 87.5 100 100 100 75.0 ]
[ 75 75.9 73.43 68.3 50 ]
[ 75 60.49 53.57 51.12 50 ]
[ 75 41.52 31.92 33.26 50 ]
[ 37.5 0 0 0 25.0 ]

~@[Old values]
[ 73.32 70.76 66.95 ]
[ 57.84 50.88 49.77 ]
[ 40.18 30.57 32.59 ]

~@[Errors]
[ 0.034 0.0364 0.0198 ]
[ 0.0438 0.0502 0.0264 ]
[ 0.0323 0.0423 0.0201 ]

~@[Error]
0.0502

~@[Array]
[ 87.5 100 100 100 75.0 ]
[ 75 77.23 74.78 68.97 50 ]
[ 75 61.83 54.91 51.78 50 ]
[ 75 42.19 32.59 33.59 50 ]
[ 37.5 0 0 0 25.0 ]

~@[Old values]
[ 75.9 73.43 68.3 ]
[ 60.49 53.57 51.12 ]
[ 41.52 31.92 33.26 ]

~@[Errors]
[ 0.0172 0.0181 0.0097 ]
[ 0.0217 0.0244 0.0127 ]
[ 0.0159 0.0206 0.0098 ]

~@[Error]
0.0244

~@[Array]
[ 87.5 100 100 100 75.0 ]
[ 75 77.9 75.44 69.31 50 ]
[ 75 62.5 55.58 52.12 50 ]
[ 75 42.52 32.92 33.76 50 ]
[ 37.5 0 0 0 25.0 ]

~@[Old values]
[ 77.23 74.78 68.97 ]
[ 61.83 54.91 51.78 ]
[ 42.19 32.59 33.59 ]

~@[Errors]
[ 0.0086 0.0087 0.0049 ]
[ 0.0107 0.0121 0.0065 ]
[ 0.0078 0.01 0.005 ]

~@[Error]
0.0121

~@[Array]
[ 87.5 100 100 100 75.0 ]
[ 75 78.23 75.78 69.47 50 ]
[ 75 62.83 55.91 52.28 50 ]
[ 75 42.69 33.09 33.84 50 ]
[ 37.5 0 0 0 25.0 ]

~@[Old values]
[ 77.9 75.44 69.31 ]
[ 62.5 55.58 52.12 ]
[ 42.52 32.92 33.76 ]

~@[Errors]
[ 0.0042 0.0045 0.0023 ]
[ 0.0053 0.0059 0.0031 ]
[ 0.004 0.0051 0.0024 ]

~@[Error]
0.0059

~@[Array]
[ 87.5 100 100 100 75.0 ]
[ 75 78.4 75.94 69.56 50 ]
[ 75 63.0 56.08 52.37 50 ]
[ 75 42.77 33.17 33.88 50 ]
[ 37.5 0 0 0 25.0 ]

~@[Old values]
[ 78.23 75.78 69.47 ]
[ 62.83 55.91 52.28 ]
[ 42.69 33.09 33.84 ]

~@[Errors]
[ 0.0022 0.0021 0.0013 ]
[ 0.0027 0.003 0.0017 ]
[ 0.0019 0.0024 0.0012 ]

~@[Error]
0.003

~@[Array]
[ 87.5 100 100 100 75.0 ]
[ 75 78.48 76.03 69.6 50 ]
[ 75 63.08 56.16 52.41 50 ]
[ 75 42.81 33.21 33.91 50 ]
[ 37.5 0 0 0 25.0 ]

~@[Old values]
[ 78.4 75.94 69.56 ]
[ 63.0 56.08 52.37 ]
[ 42.77 33.17 33.88 ]

~@[Errors]
[ 0.001 0.0012 0.0006 ]
[ 0.0013 0.0014 0.0008 ]
[ 0.0009 0.0012 0.0009 ]

~@[Error]
0.0014

~@[Array]
[ 87.5 100 100 100 75.0 ]
[ 75 78.53 76.07 69.62 50 ]
[ 75 63.12 56.2 52.43 50 ]
[ 75 42.83 33.23 33.91 50 ]
[ 37.5 0 0 0 25.0 ]

~@[Old values]
[ 78.48 76.03 69.6 ]
[ 63.08 56.16 52.41 ]
[ 42.81 33.21 33.91 ]

~@[Errors]
[ 0.0006 0.0005 0.0003 ]
[ 0.0006 0.0007 0.0004 ]
[ 0.0005 0.0006 0.0 ]

~@[Error]
0.0007

~@[Array]
[ 87.5 100 100 100 75.0 ]
[ 75 78.55 76.09 69.63 50 ]
[ 75 63.14 56.22 52.44 50 ]
[ 75 42.84 33.24 33.92 50 ]
[ 37.5 0 0 0 25.0 ]

~@[Old values]
[ 78.53 76.07 69.62 ]
[ 63.12 56.2 52.43 ]
[ 42.83 33.23 33.91 ]

~@[Errors]
[ 0.0003 0.0003 0.0001 ]
[ 0.0003 0.0004 0.0002 ]
[ 0.0002 0.0003 0.0003 ]

~@[Error]
0.0004

~@[Array]
[ 87.5 100 100 100 75.0 ]
[ 75 78.56 76.1 69.63 50 ]
[ 75 63.16 56.23 52.45 50 ]
[ 75 42.85 33.25 33.92 50 ]
[ 37.5 0 0 0 25.0 ]

~@[Old values]
[ 78.55 76.09 69.63 ]
[ 63.14 56.22 52.44 ]
[ 42.84 33.24 33.92 ]

~@[Errors]
[ 0.0001 0.0001 0.0 ]
[ 0.0003 0.0002 0.0002 ]
[ 0.0002 0.0003 0.0 ]

~@[Error]
0.0003

~@[Array]
[ 87.5 100 100 100 75.0 ]
[ 75 78.56 76.1 69.64 50 ]
[ 75 63.16 56.24 52.45 50 ]
[ 75 42.85 33.25 33.92 50 ]
[ 37.5 0 0 0 25.0 ]

~@[Old values]
[ 78.56 76.1 69.63 ]
[ 63.16 56.23 52.45 ]
[ 42.85 33.25 33.92 ]

~@[Errors]
[ 0.0 0.0 0.0001 ]
[ 0.0 0.0002 0.0 ]
[ 0.0 0.0 0.0 ]

~@[Error]
0.0002

~@[Array]
[ 87.5 100 100 100 75.0 ]
[ 75 78.56 76.11 69.64 50 ]
[ 75 63.16 56.24 52.45 50 ]
[ 75 42.85 33.25 33.92 50 ]
[ 37.5 0 0 0 25.0 ]

~@[Old values]
[ 78.56 76.1 69.64 ]
[ 63.16 56.24 52.45 ]
[ 42.85 33.25 33.92 ]

~@[Errors]
[ 0.0 0.0001 0.0 ]
[ 0.0 0.0 0.0 ]
[ 0.0 0.0 0.0 ]

~@[Error]
0.0001

